have_header: checking for ruby.h... -------------------- yes

"gcc -o conftest -Ic:/Ruby193/include/ruby-1.9.1/i386-mingw32 -Ic:/Ruby193/include/ruby-1.9.1/ruby/backward -Ic:/Ruby193/include/ruby-1.9.1 -I. -DFD_SETSIZE=2048  -DFD_SETSIZE=2048  -O3 -fno-omit-frame-pointer -g -Wall -Wextra -Wno-unused-parameter -Wno-parentheses -Wno-long-long -Wno-missing-field-initializers -Wpointer-arith -Wwrite-strings -Wdeclaration-after-statement -Wimplicit-function-declaration conftest.c  -L. -Lc:/Ruby193/lib -L.      -lmsvcrt-ruby191  -lshell32 -lws2_32 -limagehlp -lshlwapi  "
checked program was:
/* begin */
1: #include "ruby.h"
2: 
3: #include <winsock2.h>
4: #include <windows.h>
5: int main(int argc, char **argv)
6: {
7:   return 0;
8: }
/* end */

"gcc -E -Ic:/Ruby193/include/ruby-1.9.1/i386-mingw32 -Ic:/Ruby193/include/ruby-1.9.1/ruby/backward -Ic:/Ruby193/include/ruby-1.9.1 -I. -DFD_SETSIZE=2048  -DFD_SETSIZE=2048  -O3 -fno-omit-frame-pointer -g -Wall -Wextra -Wno-unused-parameter -Wno-parentheses -Wno-long-long -Wno-missing-field-initializers -Wpointer-arith -Wwrite-strings -Wdeclaration-after-statement -Wimplicit-function-declaration  conftest.c -o conftest.i"
checked program was:
/* begin */
1: #include "ruby.h"
2: 
3: #include <winsock2.h>
4: #include <windows.h>
5: #include <ruby.h>
/* end */

--------------------

